<?xml version="1.0" encoding="UTF-8"?>
<!-- Generated by org.testng.reporters.JUnitXMLReporter -->
<testsuite ignored="2" hostname="DESKTOP-4JOONED" failures="0" tests="18" name="Test" time="80.789" errors="0" timestamp="2022-10-02T23:51:01 BDT">
  <testcase classname="tests.OrderBook" name="hoverOnBangla" time="4.474"/>
  <testcase classname="tests.OrderBook" name="clickOnUpponash" time="3.744"/>
  <testcase classname="tests.OrderBook" name="selectNextPage" time="5.073"/>
  <testcase classname="tests.OrderBook" name="addToCart" time="21.566"/>
  <testcase classname="tests.OrderBook" name="hoverOnCartIcon" time="5.531"/>
  <testcase classname="tests.OrderBook" name="clickOnCheckOut" time="11.705"/>
  <testcase classname="tests.ProvideBellingDetails" name="fillDiscountCode" time="0.214"/>
  <testcase classname="tests.ProvideBellingDetails" name="fillName" time="0.178"/>
  <testcase classname="tests.ProvideBellingDetails" name="fillLastName" time="0.149"/>
  <testcase classname="tests.ProvideBellingDetails" name="clickOnCountry" time="0.152"/>
  <testcase classname="tests.ProvideBellingDetails" name="selectCountry" time="0.107"/>
  <testcase classname="tests.ProvideBellingDetails" name="fillAddress" time="0.249"/>
  <testcase classname="tests.ProvideBellingDetails" name="fillAddress2" time="0.207"/>
  <testcase classname="tests.ProvideBellingDetails" name="fillPostcode" time="0.158"/>
  <testcase classname="tests.ProvideBellingDetails" name="fillPhoneNumber" time="0.207"/>
  <testcase classname="tests.ProvideBellingDetails" name="fillEmail" time="0.167"/>
  <testcase classname="tests.ProvideBellingDetails" name="fillOrderNotes" time="7.252"/>
  <testcase classname="tests.ProvideBellingDetails" name="clickOnCheckBox" time="4.323"/>
  <testcase classname="drivers.BaseDriver" name="@BeforeSuite start" time="0.0">
    <ignored/>
  </testcase> <!-- @BeforeSuite start -->
  <testcase classname="drivers.BaseDriver" name="@AfterSuite close" time="0.0">
    <ignored/>
  </testcase> <!-- @AfterSuite close -->
</testsuite> <!-- Test -->
